Analysis & Synthesis report for roulette
Tue Oct 06 14:10:10 2015
Quartus II 64-Bit Version 13.0.1 Build 232 06/12/2013 Service Pack 1 SJ Web Edition


---------------------
; Table of Contents ;
---------------------
  1. Legal Notice
  2. Analysis & Synthesis Summary
  3. Analysis & Synthesis Settings
  4. Analysis & Synthesis Source Files Read
  5. Analysis & Synthesis Resource Usage Summary
  6. Analysis & Synthesis Resource Utilization by Entity
  7. Analysis & Synthesis DSP Block Usage Summary
  8. General Register Statistics
  9. Parameter Settings for Inferred Entity Instance: new_balance:new_balance_11|lpm_add_sub:Add2
 10. Parameter Settings for Inferred Entity Instance: smallDecimalConverter:sdconverter|lpm_divide:Div0
 11. Parameter Settings for Inferred Entity Instance: decimalConverter:dconverter|lpm_divide:Div0
 12. Parameter Settings for Inferred Entity Instance: decimalConverter:dconverter|lpm_divide:Div1
 13. Parameter Settings for Inferred Entity Instance: decimalConverter:dconverter|lpm_divide:Div2
 14. Parameter Settings for Inferred Entity Instance: new_balance:new_balance_11|lpm_mult:Mult0
 15. Parameter Settings for Inferred Entity Instance: decimalConverter:dconverter|lpm_mult:Mult0
 16. Parameter Settings for Inferred Entity Instance: decimalConverter:dconverter|lpm_mult:Mult1
 17. lpm_mult Parameter Settings by Entity Instance
 18. Elapsed Time Per Partition
 19. Analysis & Synthesis Messages



----------------
; Legal Notice ;
----------------
Copyright (C) 1991-2013 Altera Corporation
Your use of Altera Corporation's design tools, logic functions 
and other software and tools, and its AMPP partner logic 
functions, and any output files from any of the foregoing 
(including device programming or simulation files), and any 
associated documentation or information are expressly subject 
to the terms and conditions of the Altera Program License 
Subscription Agreement, Altera MegaCore Function License 
Agreement, or other applicable license agreement, including, 
without limitation, that your use is for the sole purpose of 
programming logic devices manufactured by Altera and sold by 
Altera or its authorized distributors.  Please refer to the 
applicable agreement for further details.



+--------------------------------------------------------------------------------------+
; Analysis & Synthesis Summary                                                         ;
+------------------------------------+-------------------------------------------------+
; Analysis & Synthesis Status        ; Successful - Tue Oct 06 14:10:10 2015           ;
; Quartus II 64-Bit Version          ; 13.0.1 Build 232 06/12/2013 SP 1 SJ Web Edition ;
; Revision Name                      ; roulette                                        ;
; Top-level Entity Name              ; roulette                                        ;
; Family                             ; Cyclone II                                      ;
; Total logic elements               ; 1,384                                           ;
;     Total combinational functions  ; 1,384                                           ;
;     Dedicated logic registers      ; 68                                              ;
; Total registers                    ; 68                                              ;
; Total pins                         ; 102                                             ;
; Total virtual pins                 ; 0                                               ;
; Total memory bits                  ; 0                                               ;
; Embedded Multiplier 9-bit elements ; 3                                               ;
; Total PLLs                         ; 0                                               ;
+------------------------------------+-------------------------------------------------+


+----------------------------------------------------------------------------------------------------------------------+
; Analysis & Synthesis Settings                                                                                        ;
+----------------------------------------------------------------------------+--------------------+--------------------+
; Option                                                                     ; Setting            ; Default Value      ;
+----------------------------------------------------------------------------+--------------------+--------------------+
; Device                                                                     ; EP2C35F672C6       ;                    ;
; Top-level entity name                                                      ; roulette           ; roulette           ;
; Family name                                                                ; Cyclone II         ; Cyclone IV GX      ;
; VHDL Show LMF Mapping Messages                                             ; Off                ;                    ;
; VHDL Version                                                               ; VHDL_2008          ; VHDL_1993          ;
; Use smart compilation                                                      ; Off                ; Off                ;
; Enable parallel Assembler and TimeQuest Timing Analyzer during compilation ; On                 ; On                 ;
; Enable compact report table                                                ; Off                ; Off                ;
; Restructure Multiplexers                                                   ; Auto               ; Auto               ;
; Create Debugging Nodes for IP Cores                                        ; Off                ; Off                ;
; Preserve fewer node names                                                  ; On                 ; On                 ;
; Disable OpenCore Plus hardware evaluation                                  ; Off                ; Off                ;
; Verilog Version                                                            ; Verilog_2001       ; Verilog_2001       ;
; State Machine Processing                                                   ; Auto               ; Auto               ;
; Safe State Machine                                                         ; Off                ; Off                ;
; Extract Verilog State Machines                                             ; On                 ; On                 ;
; Extract VHDL State Machines                                                ; On                 ; On                 ;
; Ignore Verilog initial constructs                                          ; Off                ; Off                ;
; Iteration limit for constant Verilog loops                                 ; 5000               ; 5000               ;
; Iteration limit for non-constant Verilog loops                             ; 250                ; 250                ;
; Add Pass-Through Logic to Inferred RAMs                                    ; On                 ; On                 ;
; Infer RAMs from Raw Logic                                                  ; On                 ; On                 ;
; Parallel Synthesis                                                         ; On                 ; On                 ;
; DSP Block Balancing                                                        ; Auto               ; Auto               ;
; NOT Gate Push-Back                                                         ; On                 ; On                 ;
; Power-Up Don't Care                                                        ; On                 ; On                 ;
; Remove Redundant Logic Cells                                               ; Off                ; Off                ;
; Remove Duplicate Registers                                                 ; On                 ; On                 ;
; Ignore CARRY Buffers                                                       ; Off                ; Off                ;
; Ignore CASCADE Buffers                                                     ; Off                ; Off                ;
; Ignore GLOBAL Buffers                                                      ; Off                ; Off                ;
; Ignore ROW GLOBAL Buffers                                                  ; Off                ; Off                ;
; Ignore LCELL Buffers                                                       ; Off                ; Off                ;
; Ignore SOFT Buffers                                                        ; On                 ; On                 ;
; Limit AHDL Integers to 32 Bits                                             ; Off                ; Off                ;
; Optimization Technique                                                     ; Balanced           ; Balanced           ;
; Carry Chain Length                                                         ; 70                 ; 70                 ;
; Auto Carry Chains                                                          ; On                 ; On                 ;
; Auto Open-Drain Pins                                                       ; On                 ; On                 ;
; Perform WYSIWYG Primitive Resynthesis                                      ; Off                ; Off                ;
; Auto ROM Replacement                                                       ; On                 ; On                 ;
; Auto RAM Replacement                                                       ; On                 ; On                 ;
; Auto Shift Register Replacement                                            ; Auto               ; Auto               ;
; Allow Shift Register Merging across Hierarchies                            ; Auto               ; Auto               ;
; Auto Clock Enable Replacement                                              ; On                 ; On                 ;
; Strict RAM Replacement                                                     ; Off                ; Off                ;
; Allow Synchronous Control Signals                                          ; On                 ; On                 ;
; Force Use of Synchronous Clear Signals                                     ; Off                ; Off                ;
; Auto RAM to Logic Cell Conversion                                          ; Off                ; Off                ;
; Auto Resource Sharing                                                      ; Off                ; Off                ;
; Allow Any RAM Size For Recognition                                         ; Off                ; Off                ;
; Allow Any ROM Size For Recognition                                         ; Off                ; Off                ;
; Allow Any Shift Register Size For Recognition                              ; Off                ; Off                ;
; Use LogicLock Constraints during Resource Balancing                        ; On                 ; On                 ;
; Ignore translate_off and synthesis_off directives                          ; Off                ; Off                ;
; Timing-Driven Synthesis                                                    ; Off                ; Off                ;
; Report Parameter Settings                                                  ; On                 ; On                 ;
; Report Source Assignments                                                  ; On                 ; On                 ;
; Report Connectivity Checks                                                 ; On                 ; On                 ;
; Ignore Maximum Fan-Out Assignments                                         ; Off                ; Off                ;
; Synchronization Register Chain Length                                      ; 2                  ; 2                  ;
; PowerPlay Power Optimization                                               ; Normal compilation ; Normal compilation ;
; HDL message level                                                          ; Level2             ; Level2             ;
; Suppress Register Optimization Related Messages                            ; Off                ; Off                ;
; Number of Removed Registers Reported in Synthesis Report                   ; 5000               ; 5000               ;
; Number of Swept Nodes Reported in Synthesis Report                         ; 5000               ; 5000               ;
; Number of Inverted Registers Reported in Synthesis Report                  ; 100                ; 100                ;
; Clock MUX Protection                                                       ; On                 ; On                 ;
; Auto Gated Clock Conversion                                                ; Off                ; Off                ;
; Block Design Naming                                                        ; Auto               ; Auto               ;
; SDC constraint protection                                                  ; Off                ; Off                ;
; Synthesis Effort                                                           ; Auto               ; Auto               ;
; Shift Register Replacement - Allow Asynchronous Clear Signal               ; On                 ; On                 ;
; Pre-Mapping Resynthesis Optimization                                       ; Off                ; Off                ;
; Analysis & Synthesis Message Level                                         ; Medium             ; Medium             ;
; Disable Register Merging Across Hierarchies                                ; Auto               ; Auto               ;
; Resource Aware Inference For Block RAM                                     ; On                 ; On                 ;
; Synthesis Seed                                                             ; 1                  ; 1                  ;
+----------------------------------------------------------------------------+--------------------+--------------------+


+-------------------------------------------------------------------------------------------------------------------------------------------------------------------------+
; Analysis & Synthesis Source Files Read                                                                                                                                  ;
+----------------------------------+-----------------+------------------------------+---------------------------------------------------------------------------+---------+
; File Name with User-Entered Path ; Used in Netlist ; File Type                    ; File Name with Absolute Path                                              ; Library ;
+----------------------------------+-----------------+------------------------------+---------------------------------------------------------------------------+---------+
; smallDecimalConverter.vhd        ; yes             ; User VHDL File               ; Z:/cpen311/lab2/dist_files/lab2top/smallDecimalConverter.vhd              ;         ;
; decimalConverter.vhd             ; yes             ; User VHDL File               ; Z:/cpen311/lab2/dist_files/lab2top/decimalConverter.vhd                   ;         ;
; ../task4/digit7seg.vhd           ; yes             ; User VHDL File               ; Z:/cpen311/lab2/dist_files/task4/digit7seg.vhd                            ;         ;
; win.vhd                          ; yes             ; User VHDL File               ; Z:/cpen311/lab2/dist_files/lab2top/win.vhd                                ;         ;
; spinwheel.vhd                    ; yes             ; User VHDL File               ; Z:/cpen311/lab2/dist_files/lab2top/spinwheel.vhd                          ;         ;
; roulette.vhd                     ; yes             ; User VHDL File               ; Z:/cpen311/lab2/dist_files/lab2top/roulette.vhd                           ;         ;
; new_balance.vhd                  ; yes             ; User VHDL File               ; Z:/cpen311/lab2/dist_files/lab2top/new_balance.vhd                        ;         ;
; lpm_add_sub.tdf                  ; yes             ; Megafunction                 ; c:/altera/13.0sp1/quartus/libraries/megafunctions/lpm_add_sub.tdf         ;         ;
; addcore.inc                      ; yes             ; Megafunction                 ; c:/altera/13.0sp1/quartus/libraries/megafunctions/addcore.inc             ;         ;
; look_add.inc                     ; yes             ; Megafunction                 ; c:/altera/13.0sp1/quartus/libraries/megafunctions/look_add.inc            ;         ;
; bypassff.inc                     ; yes             ; Megafunction                 ; c:/altera/13.0sp1/quartus/libraries/megafunctions/bypassff.inc            ;         ;
; altshift.inc                     ; yes             ; Megafunction                 ; c:/altera/13.0sp1/quartus/libraries/megafunctions/altshift.inc            ;         ;
; alt_stratix_add_sub.inc          ; yes             ; Megafunction                 ; c:/altera/13.0sp1/quartus/libraries/megafunctions/alt_stratix_add_sub.inc ;         ;
; aglobal130.inc                   ; yes             ; Megafunction                 ; c:/altera/13.0sp1/quartus/libraries/megafunctions/aglobal130.inc          ;         ;
; db/add_sub_5ri.tdf               ; yes             ; Auto-Generated Megafunction  ; Z:/cpen311/lab2/dist_files/lab2top/db/add_sub_5ri.tdf                     ;         ;
; lpm_divide.tdf                   ; yes             ; Megafunction                 ; c:/altera/13.0sp1/quartus/libraries/megafunctions/lpm_divide.tdf          ;         ;
; abs_divider.inc                  ; yes             ; Megafunction                 ; c:/altera/13.0sp1/quartus/libraries/megafunctions/abs_divider.inc         ;         ;
; sign_div_unsign.inc              ; yes             ; Megafunction                 ; c:/altera/13.0sp1/quartus/libraries/megafunctions/sign_div_unsign.inc     ;         ;
; db/lpm_divide_vcm.tdf            ; yes             ; Auto-Generated Megafunction  ; Z:/cpen311/lab2/dist_files/lab2top/db/lpm_divide_vcm.tdf                  ;         ;
; db/sign_div_unsign_9kh.tdf       ; yes             ; Auto-Generated Megafunction  ; Z:/cpen311/lab2/dist_files/lab2top/db/sign_div_unsign_9kh.tdf             ;         ;
; db/alt_u_div_kve.tdf             ; yes             ; Auto-Generated Megafunction  ; Z:/cpen311/lab2/dist_files/lab2top/db/alt_u_div_kve.tdf                   ;         ;
; db/add_sub_lkc.tdf               ; yes             ; Auto-Generated Megafunction  ; Z:/cpen311/lab2/dist_files/lab2top/db/add_sub_lkc.tdf                     ;         ;
; db/add_sub_mkc.tdf               ; yes             ; Auto-Generated Megafunction  ; Z:/cpen311/lab2/dist_files/lab2top/db/add_sub_mkc.tdf                     ;         ;
; db/lpm_divide_pfm.tdf            ; yes             ; Auto-Generated Megafunction  ; Z:/cpen311/lab2/dist_files/lab2top/db/lpm_divide_pfm.tdf                  ;         ;
; db/sign_div_unsign_3nh.tdf       ; yes             ; Auto-Generated Megafunction  ; Z:/cpen311/lab2/dist_files/lab2top/db/sign_div_unsign_3nh.tdf             ;         ;
; db/alt_u_div_85f.tdf             ; yes             ; Auto-Generated Megafunction  ; Z:/cpen311/lab2/dist_files/lab2top/db/alt_u_div_85f.tdf                   ;         ;
; db/lpm_divide_bso.tdf            ; yes             ; Auto-Generated Megafunction  ; Z:/cpen311/lab2/dist_files/lab2top/db/lpm_divide_bso.tdf                  ;         ;
; db/abs_divider_obg.tdf           ; yes             ; Auto-Generated Megafunction  ; Z:/cpen311/lab2/dist_files/lab2top/db/abs_divider_obg.tdf                 ;         ;
; db/alt_u_div_s2f.tdf             ; yes             ; Auto-Generated Megafunction  ; Z:/cpen311/lab2/dist_files/lab2top/db/alt_u_div_s2f.tdf                   ;         ;
; db/lpm_abs_jq9.tdf               ; yes             ; Auto-Generated Megafunction  ; Z:/cpen311/lab2/dist_files/lab2top/db/lpm_abs_jq9.tdf                     ;         ;
; db/lpm_abs_1s9.tdf               ; yes             ; Auto-Generated Megafunction  ; Z:/cpen311/lab2/dist_files/lab2top/db/lpm_abs_1s9.tdf                     ;         ;
; db/lpm_divide_7so.tdf            ; yes             ; Auto-Generated Megafunction  ; Z:/cpen311/lab2/dist_files/lab2top/db/lpm_divide_7so.tdf                  ;         ;
; db/abs_divider_kbg.tdf           ; yes             ; Auto-Generated Megafunction  ; Z:/cpen311/lab2/dist_files/lab2top/db/abs_divider_kbg.tdf                 ;         ;
; db/alt_u_div_k2f.tdf             ; yes             ; Auto-Generated Megafunction  ; Z:/cpen311/lab2/dist_files/lab2top/db/alt_u_div_k2f.tdf                   ;         ;
; db/lpm_abs_gq9.tdf               ; yes             ; Auto-Generated Megafunction  ; Z:/cpen311/lab2/dist_files/lab2top/db/lpm_abs_gq9.tdf                     ;         ;
; db/lpm_abs_0s9.tdf               ; yes             ; Auto-Generated Megafunction  ; Z:/cpen311/lab2/dist_files/lab2top/db/lpm_abs_0s9.tdf                     ;         ;
; lpm_mult.tdf                     ; yes             ; Megafunction                 ; c:/altera/13.0sp1/quartus/libraries/megafunctions/lpm_mult.tdf            ;         ;
; lpm_add_sub.inc                  ; yes             ; Megafunction                 ; c:/altera/13.0sp1/quartus/libraries/megafunctions/lpm_add_sub.inc         ;         ;
; multcore.inc                     ; yes             ; Megafunction                 ; c:/altera/13.0sp1/quartus/libraries/megafunctions/multcore.inc            ;         ;
; multcore.tdf                     ; yes             ; Megafunction                 ; c:/altera/13.0sp1/quartus/libraries/megafunctions/multcore.tdf            ;         ;
; csa_add.inc                      ; yes             ; Megafunction                 ; c:/altera/13.0sp1/quartus/libraries/megafunctions/csa_add.inc             ;         ;
; mpar_add.inc                     ; yes             ; Megafunction                 ; c:/altera/13.0sp1/quartus/libraries/megafunctions/mpar_add.inc            ;         ;
; muleabz.inc                      ; yes             ; Megafunction                 ; c:/altera/13.0sp1/quartus/libraries/megafunctions/muleabz.inc             ;         ;
; mul_lfrg.inc                     ; yes             ; Megafunction                 ; c:/altera/13.0sp1/quartus/libraries/megafunctions/mul_lfrg.inc            ;         ;
; mul_boothc.inc                   ; yes             ; Megafunction                 ; c:/altera/13.0sp1/quartus/libraries/megafunctions/mul_boothc.inc          ;         ;
; alt_ded_mult.inc                 ; yes             ; Megafunction                 ; c:/altera/13.0sp1/quartus/libraries/megafunctions/alt_ded_mult.inc        ;         ;
; alt_ded_mult_y.inc               ; yes             ; Megafunction                 ; c:/altera/13.0sp1/quartus/libraries/megafunctions/alt_ded_mult_y.inc      ;         ;
; dffpipe.inc                      ; yes             ; Megafunction                 ; c:/altera/13.0sp1/quartus/libraries/megafunctions/dffpipe.inc             ;         ;
; mpar_add.tdf                     ; yes             ; Megafunction                 ; c:/altera/13.0sp1/quartus/libraries/megafunctions/mpar_add.tdf            ;         ;
; altshift.tdf                     ; yes             ; Megafunction                 ; c:/altera/13.0sp1/quartus/libraries/megafunctions/altshift.tdf            ;         ;
; db/add_sub_5ch.tdf               ; yes             ; Auto-Generated Megafunction  ; Z:/cpen311/lab2/dist_files/lab2top/db/add_sub_5ch.tdf                     ;         ;
; db/add_sub_9ch.tdf               ; yes             ; Auto-Generated Megafunction  ; Z:/cpen311/lab2/dist_files/lab2top/db/add_sub_9ch.tdf                     ;         ;
; db/mult_l3t.tdf                  ; yes             ; Auto-Generated Megafunction  ; Z:/cpen311/lab2/dist_files/lab2top/db/mult_l3t.tdf                        ;         ;
+----------------------------------+-----------------+------------------------------+---------------------------------------------------------------------------+---------+


+-----------------------------------------------------------------------------------+
; Analysis & Synthesis Resource Usage Summary                                       ;
+---------------------------------------------+-------------------------------------+
; Resource                                    ; Usage                               ;
+---------------------------------------------+-------------------------------------+
; Estimated Total logic elements              ; 1,384                               ;
;                                             ;                                     ;
; Total combinational functions               ; 1384                                ;
; Logic element usage by number of LUT inputs ;                                     ;
;     -- 4 input functions                    ; 387                                 ;
;     -- 3 input functions                    ; 411                                 ;
;     -- <=2 input functions                  ; 586                                 ;
;                                             ;                                     ;
; Logic elements by mode                      ;                                     ;
;     -- normal mode                          ; 913                                 ;
;     -- arithmetic mode                      ; 471                                 ;
;                                             ;                                     ;
; Total registers                             ; 68                                  ;
;     -- Dedicated logic registers            ; 68                                  ;
;     -- I/O registers                        ; 0                                   ;
;                                             ;                                     ;
; I/O pins                                    ; 102                                 ;
; Embedded Multiplier 9-bit elements          ; 3                                   ;
; Maximum fan-out node                        ; decimalConverter:dconverter|Add1~62 ;
; Maximum fan-out                             ; 80                                  ;
; Total fan-out                               ; 4077                                ;
; Average fan-out                             ; 2.62                                ;
+---------------------------------------------+-------------------------------------+


+--------------------------------------------------------------------------------------------------------------------------------------------------------------------------------------------------------------------------------------------------------------------------------------------------------------------+
; Analysis & Synthesis Resource Utilization by Entity                                                                                                                                                                                                                                                                ;
+-------------------------------------------+-------------------+--------------+-------------+--------------+---------+-----------+------+--------------+---------------------------------------------------------------------------------------------------------------------------------------------+--------------+
; Compilation Hierarchy Node                ; LC Combinationals ; LC Registers ; Memory Bits ; DSP Elements ; DSP 9x9 ; DSP 18x18 ; Pins ; Virtual Pins ; Full Hierarchy Name                                                                                                                         ; Library Name ;
+-------------------------------------------+-------------------+--------------+-------------+--------------+---------+-----------+------+--------------+---------------------------------------------------------------------------------------------------------------------------------------------+--------------+
; |roulette                                 ; 1384 (41)         ; 68 (36)      ; 0           ; 3            ; 1       ; 1         ; 102  ; 0            ; |roulette                                                                                                                                   ; work         ;
;    |decimalConverter:dconverter|          ; 1111 (56)         ; 0 (0)        ; 0           ; 3            ; 1       ; 1         ; 0    ; 0            ; |roulette|decimalConverter:dconverter                                                                                                       ; work         ;
;       |lpm_divide:Div0|                   ; 61 (0)            ; 0 (0)        ; 0           ; 0            ; 0       ; 0         ; 0    ; 0            ; |roulette|decimalConverter:dconverter|lpm_divide:Div0                                                                                       ; work         ;
;          |lpm_divide_pfm:auto_generated|  ; 61 (0)            ; 0 (0)        ; 0           ; 0            ; 0       ; 0         ; 0    ; 0            ; |roulette|decimalConverter:dconverter|lpm_divide:Div0|lpm_divide_pfm:auto_generated                                                         ; work         ;
;             |sign_div_unsign_3nh:divider| ; 61 (0)            ; 0 (0)        ; 0           ; 0            ; 0       ; 0         ; 0    ; 0            ; |roulette|decimalConverter:dconverter|lpm_divide:Div0|lpm_divide_pfm:auto_generated|sign_div_unsign_3nh:divider                             ; work         ;
;                |alt_u_div_85f:divider|    ; 61 (61)           ; 0 (0)        ; 0           ; 0            ; 0       ; 0         ; 0    ; 0            ; |roulette|decimalConverter:dconverter|lpm_divide:Div0|lpm_divide_pfm:auto_generated|sign_div_unsign_3nh:divider|alt_u_div_85f:divider       ; work         ;
;       |lpm_divide:Div1|                   ; 466 (0)           ; 0 (0)        ; 0           ; 0            ; 0       ; 0         ; 0    ; 0            ; |roulette|decimalConverter:dconverter|lpm_divide:Div1                                                                                       ; work         ;
;          |lpm_divide_bso:auto_generated|  ; 466 (0)           ; 0 (0)        ; 0           ; 0            ; 0       ; 0         ; 0    ; 0            ; |roulette|decimalConverter:dconverter|lpm_divide:Div1|lpm_divide_bso:auto_generated                                                         ; work         ;
;             |abs_divider_obg:divider|     ; 466 (40)          ; 0 (0)        ; 0           ; 0            ; 0       ; 0         ; 0    ; 0            ; |roulette|decimalConverter:dconverter|lpm_divide:Div1|lpm_divide_bso:auto_generated|abs_divider_obg:divider                                 ; work         ;
;                |alt_u_div_s2f:divider|    ; 403 (403)         ; 0 (0)        ; 0           ; 0            ; 0       ; 0         ; 0    ; 0            ; |roulette|decimalConverter:dconverter|lpm_divide:Div1|lpm_divide_bso:auto_generated|abs_divider_obg:divider|alt_u_div_s2f:divider           ; work         ;
;                |lpm_abs_1s9:my_abs_num|   ; 23 (23)           ; 0 (0)        ; 0           ; 0            ; 0       ; 0         ; 0    ; 0            ; |roulette|decimalConverter:dconverter|lpm_divide:Div1|lpm_divide_bso:auto_generated|abs_divider_obg:divider|lpm_abs_1s9:my_abs_num          ; work         ;
;       |lpm_divide:Div2|                   ; 499 (0)           ; 0 (0)        ; 0           ; 0            ; 0       ; 0         ; 0    ; 0            ; |roulette|decimalConverter:dconverter|lpm_divide:Div2                                                                                       ; work         ;
;          |lpm_divide_7so:auto_generated|  ; 499 (0)           ; 0 (0)        ; 0           ; 0            ; 0       ; 0         ; 0    ; 0            ; |roulette|decimalConverter:dconverter|lpm_divide:Div2|lpm_divide_7so:auto_generated                                                         ; work         ;
;             |abs_divider_kbg:divider|     ; 499 (8)           ; 0 (0)        ; 0           ; 0            ; 0       ; 0         ; 0    ; 0            ; |roulette|decimalConverter:dconverter|lpm_divide:Div2|lpm_divide_7so:auto_generated|abs_divider_kbg:divider                                 ; work         ;
;                |alt_u_div_k2f:divider|    ; 449 (449)         ; 0 (0)        ; 0           ; 0            ; 0       ; 0         ; 0    ; 0            ; |roulette|decimalConverter:dconverter|lpm_divide:Div2|lpm_divide_7so:auto_generated|abs_divider_kbg:divider|alt_u_div_k2f:divider           ; work         ;
;                |lpm_abs_0s9:my_abs_num|   ; 42 (42)           ; 0 (0)        ; 0           ; 0            ; 0       ; 0         ; 0    ; 0            ; |roulette|decimalConverter:dconverter|lpm_divide:Div2|lpm_divide_7so:auto_generated|abs_divider_kbg:divider|lpm_abs_0s9:my_abs_num          ; work         ;
;       |lpm_mult:Mult0|                    ; 8 (0)             ; 0 (0)        ; 0           ; 0            ; 0       ; 0         ; 0    ; 0            ; |roulette|decimalConverter:dconverter|lpm_mult:Mult0                                                                                        ; work         ;
;          |multcore:mult_core|             ; 8 (8)             ; 0 (0)        ; 0           ; 0            ; 0       ; 0         ; 0    ; 0            ; |roulette|decimalConverter:dconverter|lpm_mult:Mult0|multcore:mult_core                                                                     ; work         ;
;       |lpm_mult:Mult1|                    ; 21 (0)            ; 0 (0)        ; 0           ; 3            ; 1       ; 1         ; 0    ; 0            ; |roulette|decimalConverter:dconverter|lpm_mult:Mult1                                                                                        ; work         ;
;          |mult_l3t:auto_generated|        ; 21 (21)           ; 0 (0)        ; 0           ; 3            ; 1       ; 1         ; 0    ; 0            ; |roulette|decimalConverter:dconverter|lpm_mult:Mult1|mult_l3t:auto_generated                                                                ; work         ;
;    |digit7seg:digit7seg_12|               ; 6 (6)             ; 0 (0)        ; 0           ; 0            ; 0       ; 0         ; 0    ; 0            ; |roulette|digit7seg:digit7seg_12                                                                                                            ; work         ;
;    |digit7seg:digit7seg_13|               ; 7 (7)             ; 0 (0)        ; 0           ; 0            ; 0       ; 0         ; 0    ; 0            ; |roulette|digit7seg:digit7seg_13                                                                                                            ; work         ;
;    |digit7seg:digit7seg_14|               ; 7 (7)             ; 0 (0)        ; 0           ; 0            ; 0       ; 0         ; 0    ; 0            ; |roulette|digit7seg:digit7seg_14                                                                                                            ; work         ;
;    |digit7seg:digit7seg_15|               ; 7 (7)             ; 0 (0)        ; 0           ; 0            ; 0       ; 0         ; 0    ; 0            ; |roulette|digit7seg:digit7seg_15                                                                                                            ; work         ;
;    |digit7seg:digit7seg_16|               ; 7 (7)             ; 0 (0)        ; 0           ; 0            ; 0       ; 0         ; 0    ; 0            ; |roulette|digit7seg:digit7seg_16                                                                                                            ; work         ;
;    |digit7seg:digit7seg_ex|               ; 7 (7)             ; 0 (0)        ; 0           ; 0            ; 0       ; 0         ; 0    ; 0            ; |roulette|digit7seg:digit7seg_ex                                                                                                            ; work         ;
;    |new_balance:new_balance_11|           ; 91 (71)           ; 0 (0)        ; 0           ; 0            ; 0       ; 0         ; 0    ; 0            ; |roulette|new_balance:new_balance_11                                                                                                        ; work         ;
;       |lpm_add_sub:Add2|                  ; 16 (0)            ; 0 (0)        ; 0           ; 0            ; 0       ; 0         ; 0    ; 0            ; |roulette|new_balance:new_balance_11|lpm_add_sub:Add2                                                                                       ; work         ;
;          |add_sub_5ri:auto_generated|     ; 16 (16)           ; 0 (0)        ; 0           ; 0            ; 0       ; 0         ; 0    ; 0            ; |roulette|new_balance:new_balance_11|lpm_add_sub:Add2|add_sub_5ri:auto_generated                                                            ; work         ;
;       |lpm_mult:Mult0|                    ; 4 (0)             ; 0 (0)        ; 0           ; 0            ; 0       ; 0         ; 0    ; 0            ; |roulette|new_balance:new_balance_11|lpm_mult:Mult0                                                                                         ; work         ;
;          |multcore:mult_core|             ; 4 (4)             ; 0 (0)        ; 0           ; 0            ; 0       ; 0         ; 0    ; 0            ; |roulette|new_balance:new_balance_11|lpm_mult:Mult0|multcore:mult_core                                                                      ; work         ;
;    |smallDecimalConverter:sdconverter|    ; 34 (5)            ; 0 (0)        ; 0           ; 0            ; 0       ; 0         ; 0    ; 0            ; |roulette|smallDecimalConverter:sdconverter                                                                                                 ; work         ;
;       |lpm_divide:Div0|                   ; 29 (0)            ; 0 (0)        ; 0           ; 0            ; 0       ; 0         ; 0    ; 0            ; |roulette|smallDecimalConverter:sdconverter|lpm_divide:Div0                                                                                 ; work         ;
;          |lpm_divide_vcm:auto_generated|  ; 29 (0)            ; 0 (0)        ; 0           ; 0            ; 0       ; 0         ; 0    ; 0            ; |roulette|smallDecimalConverter:sdconverter|lpm_divide:Div0|lpm_divide_vcm:auto_generated                                                   ; work         ;
;             |sign_div_unsign_9kh:divider| ; 29 (0)            ; 0 (0)        ; 0           ; 0            ; 0       ; 0         ; 0    ; 0            ; |roulette|smallDecimalConverter:sdconverter|lpm_divide:Div0|lpm_divide_vcm:auto_generated|sign_div_unsign_9kh:divider                       ; work         ;
;                |alt_u_div_kve:divider|    ; 29 (29)           ; 0 (0)        ; 0           ; 0            ; 0       ; 0         ; 0    ; 0            ; |roulette|smallDecimalConverter:sdconverter|lpm_divide:Div0|lpm_divide_vcm:auto_generated|sign_div_unsign_9kh:divider|alt_u_div_kve:divider ; work         ;
;    |spinwheel:spinwheel_1|                ; 45 (45)           ; 32 (32)      ; 0           ; 0            ; 0       ; 0         ; 0    ; 0            ; |roulette|spinwheel:spinwheel_1                                                                                                             ; work         ;
;    |win:win_6|                            ; 21 (21)           ; 0 (0)        ; 0           ; 0            ; 0       ; 0         ; 0    ; 0            ; |roulette|win:win_6                                                                                                                         ; work         ;
+-------------------------------------------+-------------------+--------------+-------------+--------------+---------+-----------+------+--------------+---------------------------------------------------------------------------------------------------------------------------------------------+--------------+
Note: For table entries with two numbers listed, the numbers in parentheses indicate the number of resources of the given type used by the specific entity alone. The numbers listed outside of parentheses indicate the total resources of the given type used by the specific entity and all of its sub-entities in the hierarchy.


+-----------------------------------------------------+
; Analysis & Synthesis DSP Block Usage Summary        ;
+---------------------------------------+-------------+
; Statistic                             ; Number Used ;
+---------------------------------------+-------------+
; Simple Multipliers (9-bit)            ; 1           ;
; Simple Multipliers (18-bit)           ; 1           ;
; Embedded Multiplier Blocks            ; --          ;
; Embedded Multiplier 9-bit elements    ; 3           ;
; Signed Embedded Multipliers           ; 1           ;
; Unsigned Embedded Multipliers         ; 0           ;
; Mixed Sign Embedded Multipliers       ; 1           ;
; Variable Sign Embedded Multipliers    ; 0           ;
; Dedicated Input Shift Register Chains ; 0           ;
+---------------------------------------+-------------+
Note: number of Embedded Multiplier Blocks used is only available after a successful fit.


+------------------------------------------------------+
; General Register Statistics                          ;
+----------------------------------------------+-------+
; Statistic                                    ; Value ;
+----------------------------------------------+-------+
; Total registers                              ; 68    ;
; Number of registers using Synchronous Clear  ; 0     ;
; Number of registers using Synchronous Load   ; 0     ;
; Number of registers using Asynchronous Clear ; 32    ;
; Number of registers using Asynchronous Load  ; 0     ;
; Number of registers using Clock Enable       ; 0     ;
; Number of registers using Preset             ; 0     ;
+----------------------------------------------+-------+


+----------------------------------------------------------------------------------------------+
; Parameter Settings for Inferred Entity Instance: new_balance:new_balance_11|lpm_add_sub:Add2 ;
+------------------------+-------------+-------------------------------------------------------+
; Parameter Name         ; Value       ; Type                                                  ;
+------------------------+-------------+-------------------------------------------------------+
; LPM_WIDTH              ; 12          ; Untyped                                               ;
; LPM_REPRESENTATION     ; UNSIGNED    ; Untyped                                               ;
; LPM_DIRECTION          ; DEFAULT     ; Untyped                                               ;
; ONE_INPUT_IS_CONSTANT  ; NO          ; Untyped                                               ;
; LPM_PIPELINE           ; 0           ; Untyped                                               ;
; MAXIMIZE_SPEED         ; 5           ; Untyped                                               ;
; REGISTERED_AT_END      ; 0           ; Untyped                                               ;
; OPTIMIZE_FOR_SPEED     ; 5           ; Untyped                                               ;
; USE_CS_BUFFERS         ; 1           ; Untyped                                               ;
; CARRY_CHAIN            ; MANUAL      ; Untyped                                               ;
; CARRY_CHAIN_LENGTH     ; 48          ; CARRY_CHAIN_LENGTH                                    ;
; DEVICE_FAMILY          ; Cyclone II  ; Untyped                                               ;
; USE_WYS                ; OFF         ; Untyped                                               ;
; STYLE                  ; FAST        ; Untyped                                               ;
; CBXI_PARAMETER         ; add_sub_5ri ; Untyped                                               ;
; AUTO_CARRY_CHAINS      ; ON          ; AUTO_CARRY                                            ;
; IGNORE_CARRY_BUFFERS   ; OFF         ; IGNORE_CARRY                                          ;
; AUTO_CASCADE_CHAINS    ; ON          ; AUTO_CASCADE                                          ;
; IGNORE_CASCADE_BUFFERS ; OFF         ; IGNORE_CASCADE                                        ;
+------------------------+-------------+-------------------------------------------------------+
Note: In order to hide this table in the UI and the text report file, please set the "Show Parameter Settings in Synthesis Report" option in "Analysis and Synthesis Settings -> More Settings" to "Off".


+----------------------------------------------------------------------------------------------------+
; Parameter Settings for Inferred Entity Instance: smallDecimalConverter:sdconverter|lpm_divide:Div0 ;
+------------------------+----------------+----------------------------------------------------------+
; Parameter Name         ; Value          ; Type                                                     ;
+------------------------+----------------+----------------------------------------------------------+
; LPM_WIDTHN             ; 6              ; Untyped                                                  ;
; LPM_WIDTHD             ; 4              ; Untyped                                                  ;
; LPM_NREPRESENTATION    ; UNSIGNED       ; Untyped                                                  ;
; LPM_DREPRESENTATION    ; UNSIGNED       ; Untyped                                                  ;
; LPM_PIPELINE           ; 0              ; Untyped                                                  ;
; LPM_REMAINDERPOSITIVE  ; TRUE           ; Untyped                                                  ;
; MAXIMIZE_SPEED         ; 5              ; Untyped                                                  ;
; CBXI_PARAMETER         ; lpm_divide_vcm ; Untyped                                                  ;
; CARRY_CHAIN            ; MANUAL         ; Untyped                                                  ;
; OPTIMIZE_FOR_SPEED     ; 5              ; Untyped                                                  ;
; AUTO_CARRY_CHAINS      ; ON             ; AUTO_CARRY                                               ;
; IGNORE_CARRY_BUFFERS   ; OFF            ; IGNORE_CARRY                                             ;
; AUTO_CASCADE_CHAINS    ; ON             ; AUTO_CASCADE                                             ;
; IGNORE_CASCADE_BUFFERS ; OFF            ; IGNORE_CASCADE                                           ;
+------------------------+----------------+----------------------------------------------------------+
Note: In order to hide this table in the UI and the text report file, please set the "Show Parameter Settings in Synthesis Report" option in "Analysis and Synthesis Settings -> More Settings" to "Off".


+----------------------------------------------------------------------------------------------+
; Parameter Settings for Inferred Entity Instance: decimalConverter:dconverter|lpm_divide:Div0 ;
+------------------------+----------------+----------------------------------------------------+
; Parameter Name         ; Value          ; Type                                               ;
+------------------------+----------------+----------------------------------------------------+
; LPM_WIDTHN             ; 12             ; Untyped                                            ;
; LPM_WIDTHD             ; 10             ; Untyped                                            ;
; LPM_NREPRESENTATION    ; UNSIGNED       ; Untyped                                            ;
; LPM_DREPRESENTATION    ; UNSIGNED       ; Untyped                                            ;
; LPM_PIPELINE           ; 0              ; Untyped                                            ;
; LPM_REMAINDERPOSITIVE  ; TRUE           ; Untyped                                            ;
; MAXIMIZE_SPEED         ; 5              ; Untyped                                            ;
; CBXI_PARAMETER         ; lpm_divide_pfm ; Untyped                                            ;
; CARRY_CHAIN            ; MANUAL         ; Untyped                                            ;
; OPTIMIZE_FOR_SPEED     ; 5              ; Untyped                                            ;
; AUTO_CARRY_CHAINS      ; ON             ; AUTO_CARRY                                         ;
; IGNORE_CARRY_BUFFERS   ; OFF            ; IGNORE_CARRY                                       ;
; AUTO_CASCADE_CHAINS    ; ON             ; AUTO_CASCADE                                       ;
; IGNORE_CASCADE_BUFFERS ; OFF            ; IGNORE_CASCADE                                     ;
+------------------------+----------------+----------------------------------------------------+
Note: In order to hide this table in the UI and the text report file, please set the "Show Parameter Settings in Synthesis Report" option in "Analysis and Synthesis Settings -> More Settings" to "Off".


+----------------------------------------------------------------------------------------------+
; Parameter Settings for Inferred Entity Instance: decimalConverter:dconverter|lpm_divide:Div1 ;
+------------------------+----------------+----------------------------------------------------+
; Parameter Name         ; Value          ; Type                                               ;
+------------------------+----------------+----------------------------------------------------+
; LPM_WIDTHN             ; 24             ; Untyped                                            ;
; LPM_WIDTHD             ; 8              ; Untyped                                            ;
; LPM_NREPRESENTATION    ; SIGNED         ; Untyped                                            ;
; LPM_DREPRESENTATION    ; SIGNED         ; Untyped                                            ;
; LPM_PIPELINE           ; 0              ; Untyped                                            ;
; LPM_REMAINDERPOSITIVE  ; FALSE          ; Untyped                                            ;
; MAXIMIZE_SPEED         ; 5              ; Untyped                                            ;
; CBXI_PARAMETER         ; lpm_divide_bso ; Untyped                                            ;
; CARRY_CHAIN            ; MANUAL         ; Untyped                                            ;
; OPTIMIZE_FOR_SPEED     ; 5              ; Untyped                                            ;
; AUTO_CARRY_CHAINS      ; ON             ; AUTO_CARRY                                         ;
; IGNORE_CARRY_BUFFERS   ; OFF            ; IGNORE_CARRY                                       ;
; AUTO_CASCADE_CHAINS    ; ON             ; AUTO_CASCADE                                       ;
; IGNORE_CASCADE_BUFFERS ; OFF            ; IGNORE_CASCADE                                     ;
+------------------------+----------------+----------------------------------------------------+
Note: In order to hide this table in the UI and the text report file, please set the "Show Parameter Settings in Synthesis Report" option in "Analysis and Synthesis Settings -> More Settings" to "Off".


+----------------------------------------------------------------------------------------------+
; Parameter Settings for Inferred Entity Instance: decimalConverter:dconverter|lpm_divide:Div2 ;
+------------------------+----------------+----------------------------------------------------+
; Parameter Name         ; Value          ; Type                                               ;
+------------------------+----------------+----------------------------------------------------+
; LPM_WIDTHN             ; 32             ; Untyped                                            ;
; LPM_WIDTHD             ; 5              ; Untyped                                            ;
; LPM_NREPRESENTATION    ; SIGNED         ; Untyped                                            ;
; LPM_DREPRESENTATION    ; SIGNED         ; Untyped                                            ;
; LPM_PIPELINE           ; 0              ; Untyped                                            ;
; LPM_REMAINDERPOSITIVE  ; FALSE          ; Untyped                                            ;
; MAXIMIZE_SPEED         ; 5              ; Untyped                                            ;
; CBXI_PARAMETER         ; lpm_divide_7so ; Untyped                                            ;
; CARRY_CHAIN            ; MANUAL         ; Untyped                                            ;
; OPTIMIZE_FOR_SPEED     ; 5              ; Untyped                                            ;
; AUTO_CARRY_CHAINS      ; ON             ; AUTO_CARRY                                         ;
; IGNORE_CARRY_BUFFERS   ; OFF            ; IGNORE_CARRY                                       ;
; AUTO_CASCADE_CHAINS    ; ON             ; AUTO_CASCADE                                       ;
; IGNORE_CASCADE_BUFFERS ; OFF            ; IGNORE_CASCADE                                     ;
+------------------------+----------------+----------------------------------------------------+
Note: In order to hide this table in the UI and the text report file, please set the "Show Parameter Settings in Synthesis Report" option in "Analysis and Synthesis Settings -> More Settings" to "Off".


+--------------------------------------------------------------------------------------------+
; Parameter Settings for Inferred Entity Instance: new_balance:new_balance_11|lpm_mult:Mult0 ;
+------------------------------------------------+------------+------------------------------+
; Parameter Name                                 ; Value      ; Type                         ;
+------------------------------------------------+------------+------------------------------+
; AUTO_CARRY_CHAINS                              ; ON         ; AUTO_CARRY                   ;
; IGNORE_CARRY_BUFFERS                           ; OFF        ; IGNORE_CARRY                 ;
; AUTO_CASCADE_CHAINS                            ; ON         ; AUTO_CASCADE                 ;
; IGNORE_CASCADE_BUFFERS                         ; OFF        ; IGNORE_CASCADE               ;
; LPM_WIDTHA                                     ; 6          ; Untyped                      ;
; LPM_WIDTHB                                     ; 3          ; Untyped                      ;
; LPM_WIDTHP                                     ; 9          ; Untyped                      ;
; LPM_WIDTHR                                     ; 9          ; Untyped                      ;
; LPM_WIDTHS                                     ; 1          ; Untyped                      ;
; LPM_REPRESENTATION                             ; UNSIGNED   ; Untyped                      ;
; LPM_PIPELINE                                   ; 0          ; Untyped                      ;
; LATENCY                                        ; 0          ; Untyped                      ;
; INPUT_A_IS_CONSTANT                            ; YES        ; Untyped                      ;
; INPUT_B_IS_CONSTANT                            ; NO         ; Untyped                      ;
; USE_EAB                                        ; OFF        ; Untyped                      ;
; MAXIMIZE_SPEED                                 ; 5          ; Untyped                      ;
; DEVICE_FAMILY                                  ; Cyclone II ; Untyped                      ;
; CARRY_CHAIN                                    ; MANUAL     ; Untyped                      ;
; APEX20K_TECHNOLOGY_MAPPER                      ; LUT        ; TECH_MAPPER_APEX20K          ;
; DEDICATED_MULTIPLIER_CIRCUITRY                 ; AUTO       ; Untyped                      ;
; DEDICATED_MULTIPLIER_MIN_INPUT_WIDTH_FOR_AUTO  ; 0          ; Untyped                      ;
; DEDICATED_MULTIPLIER_MIN_OUTPUT_WIDTH_FOR_AUTO ; 0          ; Untyped                      ;
; CBXI_PARAMETER                                 ; NOTHING    ; Untyped                      ;
; INPUT_A_FIXED_VALUE                            ; Bx         ; Untyped                      ;
; INPUT_B_FIXED_VALUE                            ; Bx         ; Untyped                      ;
; USE_AHDL_IMPLEMENTATION                        ; OFF        ; Untyped                      ;
+------------------------------------------------+------------+------------------------------+
Note: In order to hide this table in the UI and the text report file, please set the "Show Parameter Settings in Synthesis Report" option in "Analysis and Synthesis Settings -> More Settings" to "Off".


+---------------------------------------------------------------------------------------------+
; Parameter Settings for Inferred Entity Instance: decimalConverter:dconverter|lpm_mult:Mult0 ;
+------------------------------------------------+------------+-------------------------------+
; Parameter Name                                 ; Value      ; Type                          ;
+------------------------------------------------+------------+-------------------------------+
; AUTO_CARRY_CHAINS                              ; ON         ; AUTO_CARRY                    ;
; IGNORE_CARRY_BUFFERS                           ; OFF        ; IGNORE_CARRY                  ;
; AUTO_CASCADE_CHAINS                            ; ON         ; AUTO_CASCADE                  ;
; IGNORE_CASCADE_BUFFERS                         ; OFF        ; IGNORE_CASCADE                ;
; LPM_WIDTHA                                     ; 12         ; Untyped                       ;
; LPM_WIDTHB                                     ; 10         ; Untyped                       ;
; LPM_WIDTHP                                     ; 22         ; Untyped                       ;
; LPM_WIDTHR                                     ; 22         ; Untyped                       ;
; LPM_WIDTHS                                     ; 1          ; Untyped                       ;
; LPM_REPRESENTATION                             ; UNSIGNED   ; Untyped                       ;
; LPM_PIPELINE                                   ; 0          ; Untyped                       ;
; LATENCY                                        ; 0          ; Untyped                       ;
; INPUT_A_IS_CONSTANT                            ; NO         ; Untyped                       ;
; INPUT_B_IS_CONSTANT                            ; YES        ; Untyped                       ;
; USE_EAB                                        ; OFF        ; Untyped                       ;
; MAXIMIZE_SPEED                                 ; 5          ; Untyped                       ;
; DEVICE_FAMILY                                  ; Cyclone II ; Untyped                       ;
; CARRY_CHAIN                                    ; MANUAL     ; Untyped                       ;
; APEX20K_TECHNOLOGY_MAPPER                      ; LUT        ; TECH_MAPPER_APEX20K           ;
; DEDICATED_MULTIPLIER_CIRCUITRY                 ; AUTO       ; Untyped                       ;
; DEDICATED_MULTIPLIER_MIN_INPUT_WIDTH_FOR_AUTO  ; 0          ; Untyped                       ;
; DEDICATED_MULTIPLIER_MIN_OUTPUT_WIDTH_FOR_AUTO ; 0          ; Untyped                       ;
; CBXI_PARAMETER                                 ; NOTHING    ; Untyped                       ;
; INPUT_A_FIXED_VALUE                            ; Bx         ; Untyped                       ;
; INPUT_B_FIXED_VALUE                            ; Bx         ; Untyped                       ;
; USE_AHDL_IMPLEMENTATION                        ; OFF        ; Untyped                       ;
+------------------------------------------------+------------+-------------------------------+
Note: In order to hide this table in the UI and the text report file, please set the "Show Parameter Settings in Synthesis Report" option in "Analysis and Synthesis Settings -> More Settings" to "Off".


+---------------------------------------------------------------------------------------------+
; Parameter Settings for Inferred Entity Instance: decimalConverter:dconverter|lpm_mult:Mult1 ;
+------------------------------------------------+------------+-------------------------------+
; Parameter Name                                 ; Value      ; Type                          ;
+------------------------------------------------+------------+-------------------------------+
; AUTO_CARRY_CHAINS                              ; ON         ; AUTO_CARRY                    ;
; IGNORE_CARRY_BUFFERS                           ; OFF        ; IGNORE_CARRY                  ;
; AUTO_CASCADE_CHAINS                            ; ON         ; AUTO_CASCADE                  ;
; IGNORE_CASCADE_BUFFERS                         ; OFF        ; IGNORE_CASCADE                ;
; LPM_WIDTHA                                     ; 24         ; Untyped                       ;
; LPM_WIDTHB                                     ; 8          ; Untyped                       ;
; LPM_WIDTHP                                     ; 32         ; Untyped                       ;
; LPM_WIDTHR                                     ; 32         ; Untyped                       ;
; LPM_WIDTHS                                     ; 1          ; Untyped                       ;
; LPM_REPRESENTATION                             ; SIGNED     ; Untyped                       ;
; LPM_PIPELINE                                   ; 0          ; Untyped                       ;
; LATENCY                                        ; 0          ; Untyped                       ;
; INPUT_A_IS_CONSTANT                            ; NO         ; Untyped                       ;
; INPUT_B_IS_CONSTANT                            ; YES        ; Untyped                       ;
; USE_EAB                                        ; OFF        ; Untyped                       ;
; MAXIMIZE_SPEED                                 ; 5          ; Untyped                       ;
; DEVICE_FAMILY                                  ; Cyclone II ; Untyped                       ;
; CARRY_CHAIN                                    ; MANUAL     ; Untyped                       ;
; APEX20K_TECHNOLOGY_MAPPER                      ; LUT        ; TECH_MAPPER_APEX20K           ;
; DEDICATED_MULTIPLIER_CIRCUITRY                 ; AUTO       ; Untyped                       ;
; DEDICATED_MULTIPLIER_MIN_INPUT_WIDTH_FOR_AUTO  ; 0          ; Untyped                       ;
; DEDICATED_MULTIPLIER_MIN_OUTPUT_WIDTH_FOR_AUTO ; 0          ; Untyped                       ;
; CBXI_PARAMETER                                 ; mult_l3t   ; Untyped                       ;
; INPUT_A_FIXED_VALUE                            ; Bx         ; Untyped                       ;
; INPUT_B_FIXED_VALUE                            ; Bx         ; Untyped                       ;
; USE_AHDL_IMPLEMENTATION                        ; OFF        ; Untyped                       ;
+------------------------------------------------+------------+-------------------------------+
Note: In order to hide this table in the UI and the text report file, please set the "Show Parameter Settings in Synthesis Report" option in "Analysis and Synthesis Settings -> More Settings" to "Off".


+------------------------------------------------------------------------------------+
; lpm_mult Parameter Settings by Entity Instance                                     ;
+---------------------------------------+--------------------------------------------+
; Name                                  ; Value                                      ;
+---------------------------------------+--------------------------------------------+
; Number of entity instances            ; 3                                          ;
; Entity Instance                       ; new_balance:new_balance_11|lpm_mult:Mult0  ;
;     -- LPM_WIDTHA                     ; 6                                          ;
;     -- LPM_WIDTHB                     ; 3                                          ;
;     -- LPM_WIDTHP                     ; 9                                          ;
;     -- LPM_REPRESENTATION             ; UNSIGNED                                   ;
;     -- INPUT_A_IS_CONSTANT            ; YES                                        ;
;     -- INPUT_B_IS_CONSTANT            ; NO                                         ;
;     -- USE_EAB                        ; OFF                                        ;
;     -- DEDICATED_MULTIPLIER_CIRCUITRY ; AUTO                                       ;
;     -- INPUT_A_FIXED_VALUE            ; Bx                                         ;
;     -- INPUT_B_FIXED_VALUE            ; Bx                                         ;
; Entity Instance                       ; decimalConverter:dconverter|lpm_mult:Mult0 ;
;     -- LPM_WIDTHA                     ; 12                                         ;
;     -- LPM_WIDTHB                     ; 10                                         ;
;     -- LPM_WIDTHP                     ; 22                                         ;
;     -- LPM_REPRESENTATION             ; UNSIGNED                                   ;
;     -- INPUT_A_IS_CONSTANT            ; NO                                         ;
;     -- INPUT_B_IS_CONSTANT            ; YES                                        ;
;     -- USE_EAB                        ; OFF                                        ;
;     -- DEDICATED_MULTIPLIER_CIRCUITRY ; AUTO                                       ;
;     -- INPUT_A_FIXED_VALUE            ; Bx                                         ;
;     -- INPUT_B_FIXED_VALUE            ; Bx                                         ;
; Entity Instance                       ; decimalConverter:dconverter|lpm_mult:Mult1 ;
;     -- LPM_WIDTHA                     ; 24                                         ;
;     -- LPM_WIDTHB                     ; 8                                          ;
;     -- LPM_WIDTHP                     ; 32                                         ;
;     -- LPM_REPRESENTATION             ; SIGNED                                     ;
;     -- INPUT_A_IS_CONSTANT            ; NO                                         ;
;     -- INPUT_B_IS_CONSTANT            ; YES                                        ;
;     -- USE_EAB                        ; OFF                                        ;
;     -- DEDICATED_MULTIPLIER_CIRCUITRY ; AUTO                                       ;
;     -- INPUT_A_FIXED_VALUE            ; Bx                                         ;
;     -- INPUT_B_FIXED_VALUE            ; Bx                                         ;
+---------------------------------------+--------------------------------------------+


+-------------------------------+
; Elapsed Time Per Partition    ;
+----------------+--------------+
; Partition Name ; Elapsed Time ;
+----------------+--------------+
; Top            ; 00:00:09     ;
+----------------+--------------+


+-------------------------------+
; Analysis & Synthesis Messages ;
+-------------------------------+
Info: *******************************************************************
Info: Running Quartus II 64-Bit Analysis & Synthesis
    Info: Version 13.0.1 Build 232 06/12/2013 Service Pack 1 SJ Web Edition
    Info: Processing started: Tue Oct 06 14:09:53 2015
Info: Command: quartus_map --read_settings_files=on --write_settings_files=off roulette -c roulette
Warning (20028): Parallel compilation is not licensed and has been disabled
Info (12021): Found 2 design units, including 1 entities, in source file smalldecimalconverter.vhd
    Info (12022): Found design unit 1: smallDecimalConverter-behavioral
    Info (12023): Found entity 1: smallDecimalConverter
Info (12021): Found 2 design units, including 1 entities, in source file decimalconverter.vhd
    Info (12022): Found design unit 1: decimalConverter-behavioral
    Info (12023): Found entity 1: decimalConverter
Info (12021): Found 2 design units, including 1 entities, in source file /cpen311/lab2/dist_files/task4/digit7seg.vhd
    Info (12022): Found design unit 1: digit7seg-behavioral
    Info (12023): Found entity 1: digit7seg
Info (12021): Found 2 design units, including 1 entities, in source file win.vhd
    Info (12022): Found design unit 1: win-behavioural
    Info (12023): Found entity 1: win
Info (12021): Found 2 design units, including 1 entities, in source file spinwheel.vhd
    Info (12022): Found design unit 1: spinwheel-behavioral
    Info (12023): Found entity 1: spinwheel
Info (12021): Found 2 design units, including 1 entities, in source file roulette.vhd
    Info (12022): Found design unit 1: roulette-structural
    Info (12023): Found entity 1: roulette
Info (12021): Found 2 design units, including 1 entities, in source file new_balance.vhd
    Info (12022): Found design unit 1: new_balance-behavioural
    Info (12023): Found entity 1: new_balance
Info (12127): Elaborating entity "roulette" for the top level hierarchy
Warning (10873): Using initial value X (don't care) for net "LEDG[3]" at roulette.vhd(25)
Info (12128): Elaborating entity "spinwheel" for hierarchy "spinwheel:spinwheel_1"
Info (12128): Elaborating entity "win" for hierarchy "win:win_6"
Info (12128): Elaborating entity "new_balance" for hierarchy "new_balance:new_balance_11"
Info (12128): Elaborating entity "decimalConverter" for hierarchy "decimalConverter:dconverter"
Info (12128): Elaborating entity "smallDecimalConverter" for hierarchy "smallDecimalConverter:sdconverter"
Info (12128): Elaborating entity "digit7seg" for hierarchy "digit7seg:digit7seg_12"
Info (278001): Inferred 8 megafunctions from design logic
    Info (278002): Inferred adder/subtractor megafunction ("lpm_add_sub") from the following logic: "new_balance:new_balance_11|Add2"
    Info (278004): Inferred divider/modulo megafunction ("lpm_divide") from the following logic: "smallDecimalConverter:sdconverter|Div0"
    Info (278004): Inferred divider/modulo megafunction ("lpm_divide") from the following logic: "decimalConverter:dconverter|Div0"
    Info (278004): Inferred divider/modulo megafunction ("lpm_divide") from the following logic: "decimalConverter:dconverter|Div1"
    Info (278004): Inferred divider/modulo megafunction ("lpm_divide") from the following logic: "decimalConverter:dconverter|Div2"
    Info (278003): Inferred multiplier megafunction ("lpm_mult") from the following logic: "new_balance:new_balance_11|Mult0"
    Info (278003): Inferred multiplier megafunction ("lpm_mult") from the following logic: "decimalConverter:dconverter|Mult0"
    Info (278003): Inferred multiplier megafunction ("lpm_mult") from the following logic: "decimalConverter:dconverter|Mult1"
Info (12130): Elaborated megafunction instantiation "new_balance:new_balance_11|lpm_add_sub:Add2"
Info (12133): Instantiated megafunction "new_balance:new_balance_11|lpm_add_sub:Add2" with the following parameter:
    Info (12134): Parameter "LPM_WIDTH" = "12"
    Info (12134): Parameter "LPM_DIRECTION" = "DEFAULT"
    Info (12134): Parameter "LPM_REPRESENTATION" = "UNSIGNED"
    Info (12134): Parameter "ONE_INPUT_IS_CONSTANT" = "NO"
Info (12021): Found 1 design units, including 1 entities, in source file db/add_sub_5ri.tdf
    Info (12023): Found entity 1: add_sub_5ri
Info (12130): Elaborated megafunction instantiation "smallDecimalConverter:sdconverter|lpm_divide:Div0"
Info (12133): Instantiated megafunction "smallDecimalConverter:sdconverter|lpm_divide:Div0" with the following parameter:
    Info (12134): Parameter "LPM_WIDTHN" = "6"
    Info (12134): Parameter "LPM_WIDTHD" = "4"
    Info (12134): Parameter "LPM_NREPRESENTATION" = "UNSIGNED"
    Info (12134): Parameter "LPM_DREPRESENTATION" = "UNSIGNED"
Info (12021): Found 1 design units, including 1 entities, in source file db/lpm_divide_vcm.tdf
    Info (12023): Found entity 1: lpm_divide_vcm
Info (12021): Found 1 design units, including 1 entities, in source file db/sign_div_unsign_9kh.tdf
    Info (12023): Found entity 1: sign_div_unsign_9kh
Info (12021): Found 1 design units, including 1 entities, in source file db/alt_u_div_kve.tdf
    Info (12023): Found entity 1: alt_u_div_kve
Info (12021): Found 1 design units, including 1 entities, in source file db/add_sub_lkc.tdf
    Info (12023): Found entity 1: add_sub_lkc
Info (12021): Found 1 design units, including 1 entities, in source file db/add_sub_mkc.tdf
    Info (12023): Found entity 1: add_sub_mkc
Info (12130): Elaborated megafunction instantiation "decimalConverter:dconverter|lpm_divide:Div0"
Info (12133): Instantiated megafunction "decimalConverter:dconverter|lpm_divide:Div0" with the following parameter:
    Info (12134): Parameter "LPM_WIDTHN" = "12"
    Info (12134): Parameter "LPM_WIDTHD" = "10"
    Info (12134): Parameter "LPM_NREPRESENTATION" = "UNSIGNED"
    Info (12134): Parameter "LPM_DREPRESENTATION" = "UNSIGNED"
Info (12021): Found 1 design units, including 1 entities, in source file db/lpm_divide_pfm.tdf
    Info (12023): Found entity 1: lpm_divide_pfm
Info (12021): Found 1 design units, including 1 entities, in source file db/sign_div_unsign_3nh.tdf
    Info (12023): Found entity 1: sign_div_unsign_3nh
Info (12021): Found 1 design units, including 1 entities, in source file db/alt_u_div_85f.tdf
    Info (12023): Found entity 1: alt_u_div_85f
Info (12130): Elaborated megafunction instantiation "decimalConverter:dconverter|lpm_divide:Div1"
Info (12133): Instantiated megafunction "decimalConverter:dconverter|lpm_divide:Div1" with the following parameter:
    Info (12134): Parameter "LPM_WIDTHN" = "24"
    Info (12134): Parameter "LPM_WIDTHD" = "8"
    Info (12134): Parameter "LPM_NREPRESENTATION" = "SIGNED"
    Info (12134): Parameter "LPM_DREPRESENTATION" = "SIGNED"
    Info (12134): Parameter "LPM_HINT" = "LPM_REMAINDERPOSITIVE=FALSE"
Info (12021): Found 1 design units, including 1 entities, in source file db/lpm_divide_bso.tdf
    Info (12023): Found entity 1: lpm_divide_bso
Info (12021): Found 1 design units, including 1 entities, in source file db/abs_divider_obg.tdf
    Info (12023): Found entity 1: abs_divider_obg
Info (12021): Found 1 design units, including 1 entities, in source file db/alt_u_div_s2f.tdf
    Info (12023): Found entity 1: alt_u_div_s2f
Info (12021): Found 1 design units, including 1 entities, in source file db/lpm_abs_jq9.tdf
    Info (12023): Found entity 1: lpm_abs_jq9
Info (12021): Found 1 design units, including 1 entities, in source file db/lpm_abs_1s9.tdf
    Info (12023): Found entity 1: lpm_abs_1s9
Info (12130): Elaborated megafunction instantiation "decimalConverter:dconverter|lpm_divide:Div2"
Info (12133): Instantiated megafunction "decimalConverter:dconverter|lpm_divide:Div2" with the following parameter:
    Info (12134): Parameter "LPM_WIDTHN" = "32"
    Info (12134): Parameter "LPM_WIDTHD" = "5"
    Info (12134): Parameter "LPM_NREPRESENTATION" = "SIGNED"
    Info (12134): Parameter "LPM_DREPRESENTATION" = "SIGNED"
    Info (12134): Parameter "LPM_HINT" = "LPM_REMAINDERPOSITIVE=FALSE"
Info (12021): Found 1 design units, including 1 entities, in source file db/lpm_divide_7so.tdf
    Info (12023): Found entity 1: lpm_divide_7so
Info (12021): Found 1 design units, including 1 entities, in source file db/abs_divider_kbg.tdf
    Info (12023): Found entity 1: abs_divider_kbg
Info (12021): Found 1 design units, including 1 entities, in source file db/alt_u_div_k2f.tdf
    Info (12023): Found entity 1: alt_u_div_k2f
Info (12021): Found 1 design units, including 1 entities, in source file db/lpm_abs_gq9.tdf
    Info (12023): Found entity 1: lpm_abs_gq9
Info (12021): Found 1 design units, including 1 entities, in source file db/lpm_abs_0s9.tdf
    Info (12023): Found entity 1: lpm_abs_0s9
Info (12130): Elaborated megafunction instantiation "new_balance:new_balance_11|lpm_mult:Mult0"
Info (12133): Instantiated megafunction "new_balance:new_balance_11|lpm_mult:Mult0" with the following parameter:
    Info (12134): Parameter "LPM_WIDTHA" = "6"
    Info (12134): Parameter "LPM_WIDTHB" = "3"
    Info (12134): Parameter "LPM_WIDTHP" = "9"
    Info (12134): Parameter "LPM_WIDTHR" = "9"
    Info (12134): Parameter "LPM_WIDTHS" = "1"
    Info (12134): Parameter "LPM_REPRESENTATION" = "UNSIGNED"
    Info (12134): Parameter "INPUT_A_IS_CONSTANT" = "YES"
    Info (12134): Parameter "INPUT_B_IS_CONSTANT" = "NO"
    Info (12134): Parameter "MAXIMIZE_SPEED" = "5"
Info (12131): Elaborated megafunction instantiation "new_balance:new_balance_11|lpm_mult:Mult0|multcore:mult_core", which is child of megafunction instantiation "new_balance:new_balance_11|lpm_mult:Mult0"
Info (12131): Elaborated megafunction instantiation "new_balance:new_balance_11|lpm_mult:Mult0|multcore:mult_core|mpar_add:padder", which is child of megafunction instantiation "new_balance:new_balance_11|lpm_mult:Mult0"
Info (12131): Elaborated megafunction instantiation "new_balance:new_balance_11|lpm_mult:Mult0|altshift:external_latency_ffs", which is child of megafunction instantiation "new_balance:new_balance_11|lpm_mult:Mult0"
Info (12130): Elaborated megafunction instantiation "decimalConverter:dconverter|lpm_mult:Mult0"
Info (12133): Instantiated megafunction "decimalConverter:dconverter|lpm_mult:Mult0" with the following parameter:
    Info (12134): Parameter "LPM_WIDTHA" = "12"
    Info (12134): Parameter "LPM_WIDTHB" = "10"
    Info (12134): Parameter "LPM_WIDTHP" = "22"
    Info (12134): Parameter "LPM_WIDTHR" = "22"
    Info (12134): Parameter "LPM_WIDTHS" = "1"
    Info (12134): Parameter "LPM_REPRESENTATION" = "UNSIGNED"
    Info (12134): Parameter "INPUT_A_IS_CONSTANT" = "NO"
    Info (12134): Parameter "INPUT_B_IS_CONSTANT" = "YES"
    Info (12134): Parameter "MAXIMIZE_SPEED" = "5"
Info (12131): Elaborated megafunction instantiation "decimalConverter:dconverter|lpm_mult:Mult0|multcore:mult_core", which is child of megafunction instantiation "decimalConverter:dconverter|lpm_mult:Mult0"
Info (12131): Elaborated megafunction instantiation "decimalConverter:dconverter|lpm_mult:Mult0|multcore:mult_core|mpar_add:padder", which is child of megafunction instantiation "decimalConverter:dconverter|lpm_mult:Mult0"
Info (12131): Elaborated megafunction instantiation "decimalConverter:dconverter|lpm_mult:Mult0|multcore:mult_core|mpar_add:padder|lpm_add_sub:adder[0]", which is child of megafunction instantiation "decimalConverter:dconverter|lpm_mult:Mult0"
Info (12021): Found 1 design units, including 1 entities, in source file db/add_sub_5ch.tdf
    Info (12023): Found entity 1: add_sub_5ch
Info (12131): Elaborated megafunction instantiation "decimalConverter:dconverter|lpm_mult:Mult0|multcore:mult_core|mpar_add:padder|mpar_add:sub_par_add", which is child of megafunction instantiation "decimalConverter:dconverter|lpm_mult:Mult0"
Info (12131): Elaborated megafunction instantiation "decimalConverter:dconverter|lpm_mult:Mult0|multcore:mult_core|mpar_add:padder|mpar_add:sub_par_add|lpm_add_sub:adder[0]", which is child of megafunction instantiation "decimalConverter:dconverter|lpm_mult:Mult0"
Info (12021): Found 1 design units, including 1 entities, in source file db/add_sub_9ch.tdf
    Info (12023): Found entity 1: add_sub_9ch
Info (12131): Elaborated megafunction instantiation "decimalConverter:dconverter|lpm_mult:Mult0|altshift:external_latency_ffs", which is child of megafunction instantiation "decimalConverter:dconverter|lpm_mult:Mult0"
Info (12130): Elaborated megafunction instantiation "decimalConverter:dconverter|lpm_mult:Mult1"
Info (12133): Instantiated megafunction "decimalConverter:dconverter|lpm_mult:Mult1" with the following parameter:
    Info (12134): Parameter "LPM_WIDTHA" = "24"
    Info (12134): Parameter "LPM_WIDTHB" = "8"
    Info (12134): Parameter "LPM_WIDTHP" = "32"
    Info (12134): Parameter "LPM_WIDTHR" = "32"
    Info (12134): Parameter "LPM_WIDTHS" = "1"
    Info (12134): Parameter "LPM_REPRESENTATION" = "SIGNED"
    Info (12134): Parameter "INPUT_A_IS_CONSTANT" = "NO"
    Info (12134): Parameter "INPUT_B_IS_CONSTANT" = "YES"
    Info (12134): Parameter "MAXIMIZE_SPEED" = "5"
Info (12021): Found 1 design units, including 1 entities, in source file db/mult_l3t.tdf
    Info (12023): Found entity 1: mult_l3t
Info (13014): Ignored 103 buffer(s)
    Info (13016): Ignored 53 CARRY_SUM buffer(s)
    Info (13019): Ignored 50 SOFT buffer(s)
Warning (13024): Output pins are stuck at VCC or GND
    Warning (13410): Pin "LEDG[3]" is stuck at GND
    Warning (13410): Pin "HEX5[0]" is stuck at VCC
    Warning (13410): Pin "HEX5[1]" is stuck at VCC
    Warning (13410): Pin "HEX5[2]" is stuck at VCC
    Warning (13410): Pin "HEX5[3]" is stuck at VCC
    Warning (13410): Pin "HEX5[4]" is stuck at VCC
    Warning (13410): Pin "HEX5[5]" is stuck at VCC
    Warning (13410): Pin "HEX5[6]" is stuck at VCC
    Warning (13410): Pin "HEX4[0]" is stuck at VCC
    Warning (13410): Pin "HEX4[1]" is stuck at VCC
    Warning (13410): Pin "HEX4[2]" is stuck at VCC
    Warning (13410): Pin "HEX4[3]" is stuck at VCC
    Warning (13410): Pin "HEX4[4]" is stuck at VCC
    Warning (13410): Pin "HEX4[5]" is stuck at VCC
    Warning (13410): Pin "HEX4[6]" is stuck at VCC
Critical Warning (18061): Ignored Power-Up Level option on the following registers
    Critical Warning (18010): Register spinwheel:spinwheel_1|wheel_internal[0] will power up to Low
    Critical Warning (18010): Register spinwheel:spinwheel_1|wheel_internal[31] will power up to Low
Info (16010): Generating hard_block partition "hard_block:auto_generated_inst"
    Info (16011): Adding 0 node(s), including 0 DDIO, 0 PLL, 0 transceiver and 0 LCELL
Warning (21074): Design contains 2 input pin(s) that do not drive logic
    Warning (15610): No output dependent on input pin "KEY[2]"
    Warning (15610): No output dependent on input pin "KEY[3]"
Info (21057): Implemented 1489 device resources after synthesis - the final resource count might be different
    Info (21058): Implemented 23 input pins
    Info (21059): Implemented 79 output pins
    Info (21061): Implemented 1384 logic cells
    Info (21062): Implemented 3 DSP elements
Info: Quartus II 64-Bit Analysis & Synthesis was successful. 0 errors, 24 warnings
    Info: Peak virtual memory: 528 megabytes
    Info: Processing ended: Tue Oct 06 14:10:10 2015
    Info: Elapsed time: 00:00:17
    Info: Total CPU time (on all processors): 00:00:14


